<?xml version="1.0" encoding="UTF-8"?>
<!-- Generated by org.testng.reporters.JUnitReportReporter -->
<testsuite hostname="LAPTOP" failures="0" tests="1" name="com.goibibo.test.testScript.CabsTest" time="18.186" errors="0" timestamp="22 May 2024 06:56:52 GMT" skipped="0">
  <testcase classname="com.goibibo.test.testScript.CabsTest" name="bookCab" time="18.186"/>
</testsuite> <!-- com.goibibo.test.testScript.CabsTest -->
