<?xml version="1.0" encoding="UTF-8"?>
<!-- Generated by org.testng.reporters.JUnitReportReporter -->
<testsuite hostname="LAPTOP" failures="0" tests="1" name="mmt.CabsTest" time="16.759" errors="0" timestamp="21 May 2024 18:00:10 GMT" skipped="0">
  <testcase classname="mmt.CabsTest" name="bookCab" time="16.759"/>
</testsuite> <!-- mmt.CabsTest -->
