<?xml version="1.0" encoding="UTF-8"?>
<!-- Generated by org.testng.reporters.JUnitReportReporter -->
<testsuite hostname="LAPTOP" failures="0" tests="1" name="mmt.HotelTest" time="15.738" errors="0" timestamp="21 May 2024 19:29:57 GMT" skipped="0">
  <testcase classname="mmt.HotelTest" name="book" time="15.738"/>
</testsuite> <!-- mmt.HotelTest -->
