<?xml version="1.0" encoding="UTF-8"?>
<!-- Generated by org.testng.reporters.JUnitReportReporter -->
<testsuite hostname="LAPTOP" failures="0" tests="1" name="mmt.FlightTest" time="3.805" errors="0" timestamp="21 May 2024 17:54:43 GMT" skipped="0">
  <testcase classname="mmt.FlightTest" name="buy" time="3.805"/>
</testsuite> <!-- mmt.FlightTest -->
