<?xml version="1.0" encoding="UTF-8"?>
<!-- Generated by org.testng.reporters.JUnitReportReporter -->
<testsuite hostname="LAPTOP" failures="0" tests="1" name="com.goibibo.test.testScript.FlightTest" time="5.641" errors="0" timestamp="22 May 2024 06:56:52 GMT" skipped="0">
  <testcase classname="com.goibibo.test.testScript.FlightTest" name="buy" time="5.641"/>
</testsuite> <!-- com.goibibo.test.testScript.FlightTest -->
