<?xml version="1.0" encoding="UTF-8"?>
<!-- Generated by org.testng.reporters.JUnitReportReporter -->
<testsuite hostname="LAPTOP" failures="0" tests="1" name="mmt.TrainsTest" time="10.337" errors="0" timestamp="21 May 2024 18:29:51 GMT" skipped="0">
  <testcase classname="mmt.TrainsTest" name="train" time="10.337"/>
</testsuite> <!-- mmt.TrainsTest -->
