<?xml version="1.0" encoding="UTF-8"?>
<!-- Generated by org.testng.reporters.JUnitReportReporter -->
<testsuite hostname="LAPTOP" failures="0" tests="1" name="mmt.CabsTest" time="6.680" errors="0" timestamp="20 May 2024 18:23:22 GMT" skipped="0">
  <testcase classname="mmt.CabsTest" name="bookCab" time="6.680"/>
</testsuite> <!-- mmt.CabsTest -->
