<?xml version="1.0" encoding="UTF-8"?>
<!-- Generated by org.testng.reporters.JUnitReportReporter -->
<testsuite hostname="LAPTOP" failures="0" tests="1" name="mmt.TrainsTest" time="4.470" errors="0" timestamp="20 May 2024 20:24:40 GMT" skipped="0">
  <testcase classname="mmt.TrainsTest" name="train" time="4.470"/>
</testsuite> <!-- mmt.TrainsTest -->
