<?xml version="1.0" encoding="UTF-8"?>
<!-- Generated by org.testng.reporters.JUnitReportReporter -->
<testsuite hostname="LAPTOP" failures="0" tests="1" name="mmt.FlightTest" time="7.188" errors="0" timestamp="20 May 2024 20:42:32 GMT" skipped="0">
  <testcase classname="mmt.FlightTest" name="buy" time="7.188"/>
</testsuite> <!-- mmt.FlightTest -->
